Flow report for Lab04
Wed Dec 06 19:04:40 2023
Quartus II 64-Bit Version 13.0.1 Build 232 06/12/2013 Service Pack 1 SJ Web Edition


---------------------
; Table of Contents ;
---------------------
  1. Legal Notice
  2. Flow Summary
  3. Flow Settings
  4. Flow Non-Default Global Settings
  5. Flow Elapsed Time
  6. Flow OS Summary
  7. Flow Log
  8. Flow Messages
  9. Flow Suppressed Messages



----------------
; Legal Notice ;
----------------
Copyright (C) 1991-2013 Altera Corporation
Your use of Altera Corporation's design tools, logic functions 
and other software and tools, and its AMPP partner logic 
functions, and any output files from any of the foregoing 
(including device programming or simulation files), and any 
associated documentation or information are expressly subject 
to the terms and conditions of the Altera Program License 
Subscription Agreement, Altera MegaCore Function License 
Agreement, or other applicable license agreement, including, 
without limitation, that your use is for the sole purpose of 
programming logic devices manufactured by Altera and sold by 
Altera or its authorized distributors.  Please refer to the 
applicable agreement for further details.



+--------------------------------------------------------------------------------------+
; Flow Summary                                                                         ;
+------------------------------------+-------------------------------------------------+
; Flow Status                        ; Successful - Wed Dec 06 19:04:37 2023           ;
; Quartus II 64-Bit Version          ; 13.0.1 Build 232 06/12/2013 SP 1 SJ Web Edition ;
; Revision Name                      ; Lab04                                           ;
; Top-level Entity Name              ; ULA_DECOD_BCD                                   ;
; Family                             ; Cyclone III                                     ;
; Device                             ; EP3C16F484C6                                    ;
; Timing Models                      ; Final                                           ;
; Total logic elements               ; 18 / 15,408 ( < 1 % )                           ;
;     Total combinational functions  ; 18 / 15,408 ( < 1 % )                           ;
;     Dedicated logic registers      ; 0 / 15,408 ( 0 % )                              ;
; Total registers                    ; 0                                               ;
; Total pins                         ; 19 / 347 ( 5 % )                                ;
; Total virtual pins                 ; 0                                               ;
; Total memory bits                  ; 0 / 516,096 ( 0 % )                             ;
; Embedded Multiplier 9-bit elements ; 0 / 112 ( 0 % )                                 ;
; Total PLLs                         ; 0 / 4 ( 0 % )                                   ;
+------------------------------------+-------------------------------------------------+


+-----------------------------------------+
; Flow Settings                           ;
+-------------------+---------------------+
; Option            ; Setting             ;
+-------------------+---------------------+
; Start date & time ; 12/06/2023 19:04:24 ;
; Main task         ; Compilation         ;
; Revision Name     ; Lab04               ;
+-------------------+---------------------+


+--------------------------------------------------------------------------------------------------------------------+
; Flow Non-Default Global Settings                                                                                   ;
+-------------------------------------+---------------------------------+---------------+---------------+------------+
; Assignment Name                     ; Value                           ; Default Value ; Entity Name   ; Section Id ;
+-------------------------------------+---------------------------------+---------------+---------------+------------+
; COMPILER_SIGNATURE_ID               ; 110073157054191.170190026307780 ; --            ; --            ; --         ;
; MAX_CORE_JUNCTION_TEMP              ; 85                              ; --            ; --            ; --         ;
; MIN_CORE_JUNCTION_TEMP              ; 0                               ; --            ; --            ; --         ;
; PARTITION_COLOR                     ; 16764057                        ; --            ; ULA_DECOD_BCD ; Top        ;
; PARTITION_FITTER_PRESERVATION_LEVEL ; PLACEMENT_AND_ROUTING           ; --            ; ULA_DECOD_BCD ; Top        ;
; PARTITION_NETLIST_TYPE              ; SOURCE                          ; --            ; ULA_DECOD_BCD ; Top        ;
; PROJECT_OUTPUT_DIRECTORY            ; output_files                    ; --            ; --            ; --         ;
; TOP_LEVEL_ENTITY                    ; ULA_DECOD_BCD                   ; Lab04         ; --            ; --         ;
+-------------------------------------+---------------------------------+---------------+---------------+------------+


+-------------------------------------------------------------------------------------------------------------------------------+
; Flow Elapsed Time                                                                                                             ;
+---------------------------+--------------+-------------------------+---------------------+------------------------------------+
; Module Name               ; Elapsed Time ; Average Processors Used ; Peak Virtual Memory ; Total CPU Time (on all processors) ;
+---------------------------+--------------+-------------------------+---------------------+------------------------------------+
; Analysis & Synthesis      ; 00:00:02     ; 1.0                     ; 4564 MB             ; 00:00:02                           ;
; Fitter                    ; 00:00:08     ; 1.0                     ; 4883 MB             ; 00:00:07                           ;
; Assembler                 ; 00:00:02     ; 1.0                     ; 4543 MB             ; 00:00:02                           ;
; TimeQuest Timing Analyzer ; 00:00:02     ; 1.0                     ; 4581 MB             ; 00:00:02                           ;
; Total                     ; 00:00:14     ; --                      ; --                  ; 00:00:13                           ;
+---------------------------+--------------+-------------------------+---------------------+------------------------------------+


+----------------------------------------------------------------------------------------+
; Flow OS Summary                                                                        ;
+---------------------------+------------------+-----------+------------+----------------+
; Module Name               ; Machine Hostname ; OS Name   ; OS Version ; Processor type ;
+---------------------------+------------------+-----------+------------+----------------+
; Analysis & Synthesis      ; DESKTOP-D5RB1HI  ; Windows 7 ; 6.2        ; x86_64         ;
; Fitter                    ; DESKTOP-D5RB1HI  ; Windows 7 ; 6.2        ; x86_64         ;
; Assembler                 ; DESKTOP-D5RB1HI  ; Windows 7 ; 6.2        ; x86_64         ;
; TimeQuest Timing Analyzer ; DESKTOP-D5RB1HI  ; Windows 7 ; 6.2        ; x86_64         ;
+---------------------------+------------------+-----------+------------+----------------+


------------
; Flow Log ;
------------
quartus_map --read_settings_files=on --write_settings_files=off Lab04 -c Lab04
quartus_fit --read_settings_files=off --write_settings_files=off Lab04 -c Lab04
quartus_asm --read_settings_files=off --write_settings_files=off Lab04 -c Lab04
quartus_sta Lab04 -c Lab04



