Flow report for PROJETO_NEANDER_RAM
Tue Jan 02 19:14:17 2024
Quartus II 64-Bit Version 13.0.1 Build 232 06/12/2013 Service Pack 1 SJ Web Edition


---------------------
; Table of Contents ;
---------------------
  1. Legal Notice
  2. Flow Summary
  3. Flow Settings
  4. Flow Non-Default Global Settings
  5. Flow Elapsed Time
  6. Flow OS Summary
  7. Flow Log
  8. Flow Messages
  9. Flow Suppressed Messages



----------------
; Legal Notice ;
----------------
Copyright (C) 1991-2013 Altera Corporation
Your use of Altera Corporation's design tools, logic functions 
and other software and tools, and its AMPP partner logic 
functions, and any output files from any of the foregoing 
(including device programming or simulation files), and any 
associated documentation or information are expressly subject 
to the terms and conditions of the Altera Program License 
Subscription Agreement, Altera MegaCore Function License 
Agreement, or other applicable license agreement, including, 
without limitation, that your use is for the sole purpose of 
programming logic devices manufactured by Altera and sold by 
Altera or its authorized distributors.  Please refer to the 
applicable agreement for further details.



+--------------------------------------------------------------------------------------+
; Flow Summary                                                                         ;
+------------------------------------+-------------------------------------------------+
; Flow Status                        ; Successful - Tue Jan 02 19:14:17 2024           ;
; Quartus II 64-Bit Version          ; 13.0.1 Build 232 06/12/2013 SP 1 SJ Web Edition ;
; Revision Name                      ; PROJETO_NEANDER_RAM                             ;
; Top-level Entity Name              ; PROJETO_NEANDER_RAM                             ;
; Family                             ; Cyclone III                                     ;
; Device                             ; EP3C16F484C6                                    ;
; Timing Models                      ; Final                                           ;
; Total logic elements               ; 221 / 15,408 ( 1 % )                            ;
;     Total combinational functions  ; 191 / 15,408 ( 1 % )                            ;
;     Dedicated logic registers      ; 69 / 15,408 ( < 1 % )                           ;
; Total registers                    ; 69                                              ;
; Total pins                         ; 99 / 347 ( 29 % )                               ;
; Total virtual pins                 ; 0                                               ;
; Total memory bits                  ; 0 / 516,096 ( 0 % )                             ;
; Embedded Multiplier 9-bit elements ; 0 / 112 ( 0 % )                                 ;
; Total PLLs                         ; 0 / 4 ( 0 % )                                   ;
+------------------------------------+-------------------------------------------------+


+-----------------------------------------+
; Flow Settings                           ;
+-------------------+---------------------+
; Option            ; Setting             ;
+-------------------+---------------------+
; Start date & time ; 01/02/2024 19:10:04 ;
; Main task         ; Compilation         ;
; Revision Name     ; PROJETO_NEANDER_RAM ;
+-------------------+---------------------+


+-----------------------------------------------------------------------------------------------------------------+
; Flow Non-Default Global Settings                                                                                ;
+-------------------------------------+--------------------------------+---------------+-------------+------------+
; Assignment Name                     ; Value                          ; Default Value ; Entity Name ; Section Id ;
+-------------------------------------+--------------------------------+---------------+-------------+------------+
; COMPILER_SIGNATURE_ID               ; 88653261042869.170423340409344 ; --            ; --          ; --         ;
; MAX_CORE_JUNCTION_TEMP              ; 85                             ; --            ; --          ; --         ;
; MIN_CORE_JUNCTION_TEMP              ; 0                              ; --            ; --          ; --         ;
; NOMINAL_CORE_SUPPLY_VOLTAGE         ; 1.2V                           ; --            ; --          ; --         ;
; PARTITION_COLOR                     ; 16764057                       ; --            ; --          ; Top        ;
; PARTITION_FITTER_PRESERVATION_LEVEL ; PLACEMENT_AND_ROUTING          ; --            ; --          ; Top        ;
; PARTITION_NETLIST_TYPE              ; SOURCE                         ; --            ; --          ; Top        ;
; PROJECT_OUTPUT_DIRECTORY            ; output_files                   ; --            ; --          ; --         ;
+-------------------------------------+--------------------------------+---------------+-------------+------------+


+-------------------------------------------------------------------------------------------------------------------------------+
; Flow Elapsed Time                                                                                                             ;
+---------------------------+--------------+-------------------------+---------------------+------------------------------------+
; Module Name               ; Elapsed Time ; Average Processors Used ; Peak Virtual Memory ; Total CPU Time (on all processors) ;
+---------------------------+--------------+-------------------------+---------------------+------------------------------------+
; Analysis & Synthesis      ; 00:00:03     ; 1.0                     ; 4633 MB             ; 00:00:02                           ;
; Fitter                    ; 00:00:09     ; 1.0                     ; 4919 MB             ; 00:00:08                           ;
; Assembler                 ; 00:00:01     ; 1.0                     ; 4540 MB             ; 00:00:01                           ;
; TimeQuest Timing Analyzer ; 00:00:04     ; 1.0                     ; 4606 MB             ; 00:00:02                           ;
; EDA Netlist Writer        ; 00:00:01     ; 1.0                     ; 4509 MB             ; 00:00:01                           ;
; EDA Netlist Writer        ; 00:00:00     ; 1.0                     ; 4509 MB             ; 00:00:01                           ;
; Total                     ; 00:00:18     ; --                      ; --                  ; 00:00:15                           ;
+---------------------------+--------------+-------------------------+---------------------+------------------------------------+


+----------------------------------------------------------------------------------------+
; Flow OS Summary                                                                        ;
+---------------------------+------------------+-----------+------------+----------------+
; Module Name               ; Machine Hostname ; OS Name   ; OS Version ; Processor type ;
+---------------------------+------------------+-----------+------------+----------------+
; Analysis & Synthesis      ; PLIMA_NOTEBOOK   ; Windows 7 ; 6.2        ; x86_64         ;
; Fitter                    ; PLIMA_NOTEBOOK   ; Windows 7 ; 6.2        ; x86_64         ;
; Assembler                 ; PLIMA_NOTEBOOK   ; Windows 7 ; 6.2        ; x86_64         ;
; TimeQuest Timing Analyzer ; PLIMA_NOTEBOOK   ; Windows 7 ; 6.2        ; x86_64         ;
; EDA Netlist Writer        ; PLIMA_NOTEBOOK   ; Windows 7 ; 6.2        ; x86_64         ;
; EDA Netlist Writer        ; PLIMA_NOTEBOOK   ; Windows 7 ; 6.2        ; x86_64         ;
+---------------------------+------------------+-----------+------------+----------------+


------------
; Flow Log ;
------------
quartus_map --read_settings_files=on --write_settings_files=off PROJETO_NEANDER_RAM -c PROJETO_NEANDER_RAM
quartus_fit --read_settings_files=off --write_settings_files=off PROJETO_NEANDER_RAM -c PROJETO_NEANDER_RAM
quartus_asm --read_settings_files=off --write_settings_files=off PROJETO_NEANDER_RAM -c PROJETO_NEANDER_RAM
quartus_sta PROJETO_NEANDER_RAM -c PROJETO_NEANDER_RAM
quartus_eda --gen_testbench --check_outputs=on --tool=modelsim_oem --format=verilog PROJETO_NEANDER_RAM -c PROJETO_NEANDER_RAM --vector_source=C:/Users/hackm/Documents/UFRGS/2023-2/Circuitos_Digitais/inf01058-projetos/PROJETO_NEANDER/RAM_VER/Waveform.vwf --testbench_file=./simulation/qsim/PROJETO_NEANDER_RAM.vt
quartus_eda --functional=on --simulation=on --tool=modelsim_oem --format=verilog PROJETO_NEANDER_RAM -c PROJETO_NEANDER_RAM



