Flow report for FREQ_DIV
Thu Dec 07 22:39:10 2023
Quartus II 64-Bit Version 13.0.1 Build 232 06/12/2013 Service Pack 1 SJ Web Edition


---------------------
; Table of Contents ;
---------------------
  1. Legal Notice
  2. Flow Summary
  3. Flow Settings
  4. Flow Non-Default Global Settings
  5. Flow Elapsed Time
  6. Flow OS Summary
  7. Flow Log
  8. Flow Messages
  9. Flow Suppressed Messages



----------------
; Legal Notice ;
----------------
Copyright (C) 1991-2013 Altera Corporation
Your use of Altera Corporation's design tools, logic functions 
and other software and tools, and its AMPP partner logic 
functions, and any output files from any of the foregoing 
(including device programming or simulation files), and any 
associated documentation or information are expressly subject 
to the terms and conditions of the Altera Program License 
Subscription Agreement, Altera MegaCore Function License 
Agreement, or other applicable license agreement, including, 
without limitation, that your use is for the sole purpose of 
programming logic devices manufactured by Altera and sold by 
Altera or its authorized distributors.  Please refer to the 
applicable agreement for further details.



+--------------------------------------------------------------------------------------+
; Flow Summary                                                                         ;
+------------------------------------+-------------------------------------------------+
; Flow Status                        ; Successful - Thu Dec 07 22:39:10 2023           ;
; Quartus II 64-Bit Version          ; 13.0.1 Build 232 06/12/2013 SP 1 SJ Web Edition ;
; Revision Name                      ; FREQ_DIV                                        ;
; Top-level Entity Name              ; FREQ_DIV                                        ;
; Family                             ; Cyclone III                                     ;
; Device                             ; EP3C16F484C6                                    ;
; Timing Models                      ; Final                                           ;
; Total logic elements               ; 47 / 15,408 ( < 1 % )                           ;
;     Total combinational functions  ; 24 / 15,408 ( < 1 % )                           ;
;     Dedicated logic registers      ; 24 / 15,408 ( < 1 % )                           ;
; Total registers                    ; 24                                              ;
; Total pins                         ; 3 / 347 ( < 1 % )                               ;
; Total virtual pins                 ; 0                                               ;
; Total memory bits                  ; 0 / 516,096 ( 0 % )                             ;
; Embedded Multiplier 9-bit elements ; 0 / 112 ( 0 % )                                 ;
; Total PLLs                         ; 0 / 4 ( 0 % )                                   ;
+------------------------------------+-------------------------------------------------+


+-----------------------------------------+
; Flow Settings                           ;
+-------------------+---------------------+
; Option            ; Setting             ;
+-------------------+---------------------+
; Start date & time ; 12/07/2023 21:59:39 ;
; Main task         ; Compilation         ;
; Revision Name     ; FREQ_DIV            ;
+-------------------+---------------------+


+-----------------------------------------------------------------------------------------------------------------+
; Flow Non-Default Global Settings                                                                                ;
+-------------------------------------+--------------------------------+---------------+-------------+------------+
; Assignment Name                     ; Value                          ; Default Value ; Entity Name ; Section Id ;
+-------------------------------------+--------------------------------+---------------+-------------+------------+
; COMPILER_SIGNATURE_ID               ; 88653261042869.170199717913016 ; --            ; --          ; --         ;
; MAX_CORE_JUNCTION_TEMP              ; 85                             ; --            ; --          ; --         ;
; MIN_CORE_JUNCTION_TEMP              ; 0                              ; --            ; --          ; --         ;
; NOMINAL_CORE_SUPPLY_VOLTAGE         ; 1.2V                           ; --            ; --          ; --         ;
; PARTITION_COLOR                     ; 16764057                       ; --            ; --          ; Top        ;
; PARTITION_FITTER_PRESERVATION_LEVEL ; PLACEMENT_AND_ROUTING          ; --            ; --          ; Top        ;
; PARTITION_NETLIST_TYPE              ; SOURCE                         ; --            ; --          ; Top        ;
; PROJECT_OUTPUT_DIRECTORY            ; output_files                   ; --            ; --          ; --         ;
+-------------------------------------+--------------------------------+---------------+-------------+------------+


+-------------------------------------------------------------------------------------------------------------------------------+
; Flow Elapsed Time                                                                                                             ;
+---------------------------+--------------+-------------------------+---------------------+------------------------------------+
; Module Name               ; Elapsed Time ; Average Processors Used ; Peak Virtual Memory ; Total CPU Time (on all processors) ;
+---------------------------+--------------+-------------------------+---------------------+------------------------------------+
; Analysis & Synthesis      ; 00:00:02     ; 1.0                     ; 4577 MB             ; 00:00:01                           ;
; Fitter                    ; 00:00:09     ; 1.0                     ; 4880 MB             ; 00:00:05                           ;
; Assembler                 ; 00:00:01     ; 1.0                     ; 4543 MB             ; 00:00:01                           ;
; TimeQuest Timing Analyzer ; 00:00:04     ; 1.0                     ; 4597 MB             ; 00:00:02                           ;
; EDA Netlist Writer        ; 00:00:01     ; 1.0                     ; 4504 MB             ; 00:00:01                           ;
; EDA Netlist Writer        ; 00:00:01     ; 1.0                     ; 4520 MB             ; 00:00:01                           ;
; EDA Netlist Writer        ; 00:00:00     ; 1.0                     ; 4504 MB             ; 00:00:00                           ;
; EDA Netlist Writer        ; 00:00:01     ; 1.0                     ; 4520 MB             ; 00:00:01                           ;
; EDA Netlist Writer        ; 00:00:00     ; 1.0                     ; 4504 MB             ; 00:00:00                           ;
; EDA Netlist Writer        ; 00:00:01     ; 1.0                     ; 4520 MB             ; 00:00:01                           ;
; EDA Netlist Writer        ; 00:00:01     ; 1.0                     ; 4504 MB             ; 00:00:01                           ;
; EDA Netlist Writer        ; 00:00:01     ; 1.0                     ; 4520 MB             ; 00:00:01                           ;
; EDA Netlist Writer        ; 00:00:00     ; 1.0                     ; 4504 MB             ; 00:00:01                           ;
; EDA Netlist Writer        ; 00:00:01     ; 1.0                     ; 4520 MB             ; 00:00:01                           ;
; EDA Netlist Writer        ; 00:00:00     ; 1.0                     ; 4504 MB             ; 00:00:01                           ;
; EDA Netlist Writer        ; 00:00:01     ; 1.0                     ; 4520 MB             ; 00:00:01                           ;
; EDA Netlist Writer        ; 00:00:00     ; 1.0                     ; 4505 MB             ; 00:00:01                           ;
; EDA Netlist Writer        ; 00:00:01     ; 1.0                     ; 4520 MB             ; 00:00:01                           ;
; Total                     ; 00:00:25     ; --                      ; --                  ; 00:00:21                           ;
+---------------------------+--------------+-------------------------+---------------------+------------------------------------+


+----------------------------------------------------------------------------------------+
; Flow OS Summary                                                                        ;
+---------------------------+------------------+-----------+------------+----------------+
; Module Name               ; Machine Hostname ; OS Name   ; OS Version ; Processor type ;
+---------------------------+------------------+-----------+------------+----------------+
; Analysis & Synthesis      ; PLIMA_NOTEBOOK   ; Windows 7 ; 6.2        ; x86_64         ;
; Fitter                    ; PLIMA_NOTEBOOK   ; Windows 7 ; 6.2        ; x86_64         ;
; Assembler                 ; PLIMA_NOTEBOOK   ; Windows 7 ; 6.2        ; x86_64         ;
; TimeQuest Timing Analyzer ; PLIMA_NOTEBOOK   ; Windows 7 ; 6.2        ; x86_64         ;
; EDA Netlist Writer        ; PLIMA_NOTEBOOK   ; Windows 7 ; 6.2        ; x86_64         ;
; EDA Netlist Writer        ; PLIMA_NOTEBOOK   ; Windows 7 ; 6.2        ; x86_64         ;
; EDA Netlist Writer        ; PLIMA_NOTEBOOK   ; Windows 7 ; 6.2        ; x86_64         ;
; EDA Netlist Writer        ; PLIMA_NOTEBOOK   ; Windows 7 ; 6.2        ; x86_64         ;
; EDA Netlist Writer        ; PLIMA_NOTEBOOK   ; Windows 7 ; 6.2        ; x86_64         ;
; EDA Netlist Writer        ; PLIMA_NOTEBOOK   ; Windows 7 ; 6.2        ; x86_64         ;
; EDA Netlist Writer        ; PLIMA_NOTEBOOK   ; Windows 7 ; 6.2        ; x86_64         ;
; EDA Netlist Writer        ; PLIMA_NOTEBOOK   ; Windows 7 ; 6.2        ; x86_64         ;
; EDA Netlist Writer        ; PLIMA_NOTEBOOK   ; Windows 7 ; 6.2        ; x86_64         ;
; EDA Netlist Writer        ; PLIMA_NOTEBOOK   ; Windows 7 ; 6.2        ; x86_64         ;
; EDA Netlist Writer        ; PLIMA_NOTEBOOK   ; Windows 7 ; 6.2        ; x86_64         ;
; EDA Netlist Writer        ; PLIMA_NOTEBOOK   ; Windows 7 ; 6.2        ; x86_64         ;
; EDA Netlist Writer        ; PLIMA_NOTEBOOK   ; Windows 7 ; 6.2        ; x86_64         ;
; EDA Netlist Writer        ; PLIMA_NOTEBOOK   ; Windows 7 ; 6.2        ; x86_64         ;
+---------------------------+------------------+-----------+------------+----------------+


------------
; Flow Log ;
------------
quartus_map --read_settings_files=on --write_settings_files=off FREQ_DIV -c FREQ_DIV
quartus_fit --read_settings_files=off --write_settings_files=off FREQ_DIV -c FREQ_DIV
quartus_asm --read_settings_files=off --write_settings_files=off FREQ_DIV -c FREQ_DIV
quartus_sta FREQ_DIV -c FREQ_DIV
quartus_eda --gen_testbench --check_outputs=on --tool=modelsim_oem --format=verilog FREQ_DIV -c FREQ_DIV --vector_source=C:/Users/hackm/Documents/UFRGS/2023-2/Circuitos_Digitais/LAB05/FREQ_DIV/Waveform.vwf --testbench_file=./simulation/qsim/FREQ_DIV.vt
quartus_eda --functional=off --timescale=1ps --simulation=on --tool=modelsim_oem --format=verilog FREQ_DIV -c FREQ_DIV
quartus_eda --gen_testbench --check_outputs=on --tool=modelsim_oem --format=verilog FREQ_DIV -c FREQ_DIV --vector_source=C:/Users/hackm/Documents/UFRGS/2023-2/Circuitos_Digitais/LAB05/FREQ_DIV/Waveform.vwf --testbench_file=./simulation/qsim/FREQ_DIV.vt
quartus_eda --functional=off --timescale=1ps --simulation=on --tool=modelsim_oem --format=verilog FREQ_DIV -c FREQ_DIV
quartus_eda --gen_testbench --check_outputs=on --tool=modelsim_oem --format=verilog FREQ_DIV -c FREQ_DIV --vector_source=C:/Users/hackm/Documents/UFRGS/2023-2/Circuitos_Digitais/LAB05/FREQ_DIV/Waveform.vwf --testbench_file=./simulation/qsim/FREQ_DIV.vt
quartus_eda --functional=off --timescale=1ps --simulation=on --tool=modelsim_oem --format=verilog FREQ_DIV -c FREQ_DIV
quartus_eda --gen_testbench --check_outputs=on --tool=modelsim_oem --format=verilog FREQ_DIV -c FREQ_DIV --vector_source=C:/Users/hackm/Documents/UFRGS/2023-2/Circuitos_Digitais/LAB05/FREQ_DIV/Waveform.vwf --testbench_file=./simulation/qsim/FREQ_DIV.vt
quartus_eda --functional=off --timescale=1ps --simulation=on --tool=modelsim_oem --format=verilog FREQ_DIV -c FREQ_DIV
quartus_eda --gen_testbench --check_outputs=on --tool=modelsim_oem --format=verilog FREQ_DIV -c FREQ_DIV --vector_source=C:/Users/hackm/Documents/UFRGS/2023-2/Circuitos_Digitais/LAB05/FREQ_DIV/Waveform.vwf --testbench_file=./simulation/qsim/FREQ_DIV.vt
quartus_eda --functional=off --timescale=1ps --simulation=on --tool=modelsim_oem --format=verilog FREQ_DIV -c FREQ_DIV
quartus_eda --gen_testbench --check_outputs=on --tool=modelsim_oem --format=verilog FREQ_DIV -c FREQ_DIV --vector_source=C:/Users/hackm/Documents/UFRGS/2023-2/Circuitos_Digitais/LAB05/FREQ_DIV/Waveform.vwf --testbench_file=./simulation/qsim/FREQ_DIV.vt
quartus_eda --functional=off --timescale=1ps --simulation=on --tool=modelsim_oem --format=verilog FREQ_DIV -c FREQ_DIV
quartus_eda --gen_testbench --check_outputs=on --tool=modelsim_oem --format=verilog FREQ_DIV -c FREQ_DIV --vector_source=C:/Users/hackm/Documents/UFRGS/2023-2/Circuitos_Digitais/LAB05/FREQ_DIV/Waveform.vwf --testbench_file=./simulation/qsim/FREQ_DIV.vt
quartus_eda --functional=off --timescale=1ps --simulation=on --tool=modelsim_oem --format=verilog FREQ_DIV -c FREQ_DIV



